2024-10-11 08:58:26,740 - INFO: Program started
2024-10-11 08:58:32,293 - INFO: Finish scrape closed ipo data
2024-10-13 01:37:19,504 - INFO: Program started
2024-10-13 01:37:23,762 - INFO: Finish scrape closed ipo data
2024-10-21 04:32:04,862 - INFO: Program started
2024-10-21 04:32:08,011 - INFO: Finish scrape 0 closed ipo data
2024-10-22 01:26:26,519 - INFO: Program started
2024-10-22 01:26:47,837 - INFO: Finish scrape 0 closed ipo data
2024-10-25 01:26:01,021 - INFO: Program started
2024-10-25 01:26:15,741 - INFO: Finish scrape 0 closed ipo data
2024-10-28 01:36:55,440 - INFO: Program started
2024-10-28 01:37:02,590 - INFO: Finish scrape 0 closed ipo data
2024-10-31 01:27:05,493 - INFO: Program started
2024-10-31 01:27:13,335 - INFO: Finish scrape 0 closed ipo data
2024-11-01 01:39:53,985 - INFO: Program started
2024-11-01 01:40:09,629 - INFO: Finish scrape 0 closed ipo data
2024-11-04 01:27:20,317 - INFO: Program started
2024-11-04 01:27:24,713 - INFO: Finish scrape 0 closed ipo data
2024-11-07 01:24:18,699 - INFO: Program started
2024-11-07 01:24:24,867 - INFO: Finish scrape 0 closed ipo data
2024-11-10 01:35:42,768 - INFO: Program started
2024-11-10 01:35:50,157 - INFO: Finish scrape 0 closed ipo data
2024-11-13 01:25:08,254 - INFO: Program started
2024-11-13 01:25:12,609 - INFO: An exception when retrieve data: name 'company_symbols_null_ipo' is not defined
2024-11-13 01:25:12,609 - INFO: Finish scrape 0 closed ipo data
2024-11-16 01:35:33,269 - INFO: Program started
2024-11-16 01:35:38,607 - INFO: An exception when retrieve data: name 'company_symbols_null_ipo' is not defined
2024-11-16 01:35:38,607 - INFO: Finish scrape 0 closed ipo data
2024-11-18 03:31:59,961 - INFO: Program started
2024-11-18 03:32:22,963 - INFO: Company profile updated successfully for: DAAZ.JK
2024-11-18 03:32:23,742 - INFO: Company profile updated successfully for: NAIK.JK
2024-11-18 03:32:24,011 - INFO: Company profile updated successfully for: BOAT.JK
2024-11-18 03:32:24,759 - INFO: IPO detail updated successfully for: DAAZ.JK
2024-11-18 03:32:25,524 - INFO: IPO detail updated successfully for: NAIK.JK
2024-11-18 03:32:25,813 - INFO: IPO detail updated successfully for: BOAT.JK
2024-11-18 03:32:25,813 - INFO: Finish scrape 3 closed ipo data
2024-11-19 01:38:01,153 - INFO: Program started
2024-11-19 01:38:06,665 - INFO: Finish scrape 0 closed ipo data
2024-11-22 01:37:50,539 - INFO: Program started
2024-11-22 01:37:55,290 - INFO: Finish scrape 0 closed ipo data
2024-11-25 01:39:34,087 - INFO: Program started
2024-11-25 01:39:37,161 - INFO: Finish scrape 0 closed ipo data
2024-11-28 01:39:28,246 - INFO: Program started
2024-11-28 01:39:34,208 - INFO: Finish scrape 0 closed ipo data
2024-12-01 01:53:09,254 - INFO: Program started
2024-12-01 01:53:17,116 - INFO: Finish scrape 0 closed ipo data
2024-12-04 01:41:46,286 - INFO: Program started
2024-12-04 01:41:54,802 - INFO: Finish scrape 0 closed ipo data
2024-12-07 01:39:27,768 - INFO: Program started
2024-12-07 01:39:32,956 - INFO: Finish scrape 0 closed ipo data
2024-12-09 06:29:07,894 - INFO: Program started
2024-12-09 06:29:11,429 - INFO: Finish scrape 0 closed ipo data
2024-12-10 01:42:53,792 - INFO: Program started
2024-12-10 01:42:57,579 - INFO: Finish scrape 0 closed ipo data
2024-12-13 01:42:27,321 - INFO: Program started
2024-12-13 01:42:33,069 - INFO: Finish scrape 0 closed ipo data
2024-12-16 01:44:37,397 - INFO: Program started
2024-12-16 01:44:41,344 - INFO: Finish scrape 0 closed ipo data
2024-12-18 07:08:40,814 - INFO: Program started
2024-12-18 07:08:45,670 - INFO: Error updating data: {'code': '22P02', 'details': None, 'hint': None, 'message': 'invalid input syntax for type real: "5,550"'}
2024-12-18 07:08:46,378 - INFO: IPO detail updated successfully for: AADI.JK
2024-12-18 07:08:46,379 - INFO: Finish scrape 1 closed ipo data
2024-12-19 01:38:23,167 - INFO: Program started
2024-12-19 01:38:28,026 - INFO: Error updating data: {'code': '22P02', 'details': None, 'hint': None, 'message': 'invalid input syntax for type real: "5,550"'}
2024-12-19 01:38:28,725 - INFO: IPO detail updated successfully for: AADI.JK
2024-12-19 01:38:28,725 - INFO: Finish scrape 1 closed ipo data
2024-12-19 19:01:19,155 - INFO: Program started
2024-12-19 19:01:23,356 - INFO: Finish scrape 0 closed ipo data
2024-12-22 19:01:14,895 - INFO: Program started
2024-12-22 19:01:47,912 - INFO: Company profile updated successfully for: MDIY.JK
2024-12-22 19:01:47,912 - INFO: Finish scrape 1 closed ipo data
2024-12-25 19:01:14,667 - INFO: Program started
2024-12-25 19:01:20,541 - INFO: Finish scrape 0 closed ipo data
2024-12-28 19:01:22,968 - INFO: Program started
2024-12-28 19:01:28,830 - INFO: Finish scrape 0 closed ipo data
2024-12-31 19:01:08,328 - INFO: Program started
2024-12-31 19:01:11,696 - INFO: Finish scrape 0 closed ipo data
2025-01-01 19:01:02,919 - INFO: Program started
2025-01-01 19:01:06,325 - INFO: Finish scrape 0 closed ipo data
2025-01-04 19:01:09,663 - INFO: Program started
2025-01-04 19:01:13,463 - INFO: Finish scrape 0 closed ipo data
2025-01-07 19:01:27,487 - INFO: Program started
2025-01-07 19:01:44,269 - INFO: IPO detail updated successfully for: BRRC.JK
2025-01-07 19:01:44,826 - INFO: IPO detail updated successfully for: HGII.JK
2025-01-07 19:01:44,827 - INFO: Finish scrape 0 closed ipo data
2025-01-10 19:01:12,618 - INFO: Program started
2025-01-10 19:01:28,685 - INFO: Company profile updated successfully for: HGII.JK
2025-01-10 19:01:29,477 - INFO: Company profile updated successfully for: RATU.JK
2025-01-10 19:01:30,291 - INFO: Company profile updated successfully for: YOII.JK
2025-01-10 19:01:31,105 - INFO: Company profile updated successfully for: BRRC.JK
2025-01-10 19:01:31,406 - INFO: Company profile updated successfully for: KSIX.JK
2025-01-10 19:01:31,406 - INFO: Finish scrape 5 closed ipo data
2025-01-13 19:01:13,581 - INFO: Program started
2025-01-13 19:01:25,415 - INFO: Finish scrape 0 closed ipo data
2025-01-16 19:01:04,803 - INFO: Program started
2025-01-16 19:01:20,623 - INFO: Company profile updated successfully for: OBAT.JK
2025-01-16 19:01:21,416 - INFO: Company profile updated successfully for: CBDK.JK
2025-01-16 19:01:22,249 - INFO: Company profile updated successfully for: DGWG.JK
2025-01-16 19:01:22,250 - INFO: Finish scrape 3 closed ipo data
2025-01-19 19:01:16,757 - INFO: Program started
2025-01-19 19:01:21,681 - INFO: Finish scrape 0 closed ipo data
2025-01-22 19:01:13,428 - INFO: Program started
2025-01-22 19:01:18,723 - INFO: Finish scrape 0 closed ipo data
2025-01-25 19:01:16,320 - INFO: Program started
2025-01-25 19:01:36,414 - INFO: Finish scrape 0 closed ipo data
2025-01-28 19:01:09,455 - INFO: Program started
2025-01-28 19:01:15,072 - INFO: Finish scrape 0 closed ipo data
2025-01-31 19:01:06,667 - INFO: Program started
2025-01-31 19:01:30,288 - INFO: Finish scrape 0 closed ipo data
2025-02-01 19:01:08,690 - INFO: Program started
2025-02-01 19:01:13,553 - INFO: Finish scrape 0 closed ipo data
2025-02-04 19:01:00,863 - INFO: Program started
2025-02-04 19:01:07,260 - INFO: Finish scrape 0 closed ipo data
2025-02-07 19:01:02,481 - INFO: Program started
2025-02-07 19:01:09,720 - INFO: Finish scrape 0 closed ipo data
2025-02-10 19:01:06,707 - INFO: Program started
2025-02-10 19:01:12,106 - INFO: Finish scrape 0 closed ipo data
2025-02-13 19:01:29,878 - INFO: Program started
2025-02-13 19:01:35,836 - INFO: Finish scrape 0 closed ipo data
2025-02-16 19:01:05,605 - INFO: Program started
2025-02-16 19:01:10,752 - INFO: Finish scrape 0 closed ipo data
2025-02-19 19:01:59,231 - INFO: Program started
2025-02-19 19:02:05,564 - INFO: Finish scrape 0 closed ipo data
2025-02-22 19:01:13,359 - INFO: Program started
2025-02-22 19:01:18,629 - INFO: Finish scrape 0 closed ipo data
2025-02-25 19:01:41,454 - INFO: Program started
2025-02-25 19:01:46,292 - INFO: Finish scrape 0 closed ipo data
2025-02-28 19:01:10,971 - INFO: Program started
2025-02-28 19:01:16,143 - INFO: Finish scrape 0 closed ipo data
2025-03-01 19:01:23,503 - INFO: Program started
2025-03-01 19:01:30,621 - INFO: Finish scrape 0 closed ipo data
2025-03-04 19:01:08,417 - INFO: Program started
2025-03-04 19:01:18,161 - INFO: IPO detail updated successfully for: MINE.JK
2025-03-04 19:01:18,915 - INFO: IPO detail updated successfully for: KAQI.JK
2025-03-04 19:01:18,915 - INFO: Finish scrape 0 closed ipo data
2025-03-07 19:00:52,868 - INFO: Program started
2025-03-07 19:00:57,756 - INFO: Finish scrape 0 closed ipo data
2025-03-10 19:01:10,390 - INFO: Program started
2025-03-10 19:01:17,592 - INFO: Finish scrape 0 closed ipo data
2025-03-13 19:02:00,571 - INFO: Program started
2025-03-13 19:02:07,191 - INFO: Finish scrape 0 closed ipo data
2025-03-16 19:01:18,224 - INFO: Program started
2025-03-16 19:01:25,688 - INFO: Finish scrape 0 closed ipo data
2025-03-20 08:48:40,346 - INFO: Program started
2025-03-20 08:48:48,330 - INFO: IPO detail updated successfully for: YUPI.JK
2025-03-20 08:48:48,330 - INFO: Finish scrape 0 closed ipo data
2025-03-22 19:00:58,367 - INFO: Program started
2025-03-22 19:01:10,805 - INFO: Company profile updated successfully for: KAQI.JK
2025-03-22 19:01:11,437 - INFO: Company profile updated successfully for: MINE.JK
2025-03-22 19:01:11,437 - INFO: Finish scrape 2 closed ipo data
2025-03-25 19:01:06,191 - INFO: Program started
2025-03-25 19:01:12,283 - INFO: Finish scrape 0 closed ipo data
2025-03-28 19:01:37,858 - INFO: Program started
2025-03-28 19:01:51,157 - INFO: Company profile updated successfully for: YUPI.JK
2025-03-28 19:01:51,999 - INFO: IPO detail updated successfully for: MDLA.JK
2025-03-28 19:01:51,999 - INFO: Finish scrape 1 closed ipo data
2025-03-31 19:05:20,820 - INFO: Program started
2025-03-31 19:05:29,775 - INFO: Finish scrape 0 closed ipo data
2025-04-01 19:02:54,777 - INFO: Program started
2025-04-01 19:03:00,974 - INFO: Finish scrape 0 closed ipo data
2025-04-04 19:01:10,836 - INFO: Program started
2025-04-04 19:01:16,503 - INFO: Finish scrape 0 closed ipo data
2025-04-07 19:01:02,821 - INFO: Program started
2025-04-07 19:01:11,790 - INFO: IPO detail updated successfully for: FORE.JK
2025-04-07 19:01:11,790 - INFO: Finish scrape 0 closed ipo data
2025-04-10 19:02:37,552 - INFO: Program started
2025-04-10 19:02:44,097 - INFO: Finish scrape 0 closed ipo data
2025-04-13 19:01:27,640 - INFO: Program started
2025-04-13 19:01:34,247 - INFO: Finish scrape 0 closed ipo data
2025-04-16 19:01:00,094 - INFO: Program started
2025-04-16 19:01:11,417 - INFO: Company profile updated successfully for: FORE.JK
2025-04-16 19:01:12,245 - INFO: Company profile updated successfully for: MDLA.JK
2025-04-16 19:01:12,245 - INFO: Finish scrape 2 closed ipo data
2025-04-19 19:00:54,809 - INFO: Program started
2025-04-19 19:01:00,897 - INFO: Finish scrape 0 closed ipo data
2025-04-22 19:01:03,336 - INFO: Program started
2025-04-22 19:01:09,618 - INFO: Finish scrape 0 closed ipo data
2025-04-25 19:04:19,443 - INFO: Program started
2025-04-25 19:04:25,758 - INFO: Finish scrape 0 closed ipo data
2025-04-28 19:04:48,754 - INFO: Program started
2025-04-28 19:04:54,680 - INFO: Finish scrape 0 closed ipo data
2025-05-05 04:17:02,192 - INFO: Program started
2025-05-05 04:17:12,477 - INFO: IPO detail updated successfully for: DKHH.JK
2025-05-05 04:17:12,477 - INFO: Finish scrape 0 closed ipo data
2025-05-07 19:01:05,449 - INFO: Program started
2025-05-07 19:01:13,178 - INFO: Finish scrape 0 closed ipo data
2025-05-10 19:01:22,414 - INFO: Program started
2025-05-10 19:01:31,704 - INFO: Company profile updated successfully for: DKHH.JK
2025-05-10 19:01:31,704 - INFO: Finish scrape 1 closed ipo data
2025-05-13 19:06:57,231 - INFO: Program started
2025-05-13 19:07:01,549 - INFO: Finish scrape 0 closed ipo data
2025-05-16 19:01:02,877 - INFO: Program started
2025-05-16 19:01:09,731 - INFO: Finish scrape 0 closed ipo data
2025-05-19 19:02:00,061 - INFO: Program started
2025-05-19 19:02:04,986 - INFO: Finish scrape 0 closed ipo data
2025-05-22 19:02:00,440 - INFO: Program started
2025-05-22 19:02:10,384 - INFO: Finish scrape 0 closed ipo data
2025-05-25 19:00:53,005 - INFO: Program started
2025-05-25 19:00:58,814 - INFO: Finish scrape 0 closed ipo data
2025-05-31 19:01:03,367 - INFO: Program started
2025-05-31 19:01:08,990 - INFO: Finish scrape 0 closed ipo data
2025-06-01 19:01:49,411 - INFO: Program started
2025-06-01 19:01:55,778 - INFO: Finish scrape 0 closed ipo data
2025-06-04 19:01:03,547 - INFO: Program started
2025-06-04 19:01:09,520 - INFO: Finish scrape 0 closed ipo data
2025-06-07 19:01:08,103 - INFO: Program started
2025-06-07 19:01:13,742 - INFO: Finish scrape 0 closed ipo data
2025-06-10 19:01:00,508 - INFO: Program started
2025-06-10 19:01:06,065 - INFO: Finish scrape 0 closed ipo data
2025-06-13 19:06:53,989 - INFO: Program started
2025-06-13 19:06:59,139 - INFO: Finish scrape 0 closed ipo data
2025-06-16 19:06:53,197 - INFO: Program started
2025-06-16 19:06:59,080 - INFO: Finish scrape 0 closed ipo data
2025-06-19 19:06:50,141 - INFO: Program started
2025-06-19 19:06:56,258 - INFO: Finish scrape 0 closed ipo data
2025-06-22 19:01:55,089 - INFO: Program started
2025-06-22 19:02:03,932 - INFO: Finish scrape 0 closed ipo data
2025-06-25 19:06:57,685 - INFO: Program started
2025-06-25 19:07:03,526 - INFO: Finish scrape 0 closed ipo data
2025-06-28 19:01:59,677 - INFO: Program started
2025-06-28 19:02:05,070 - INFO: Finish scrape 0 closed ipo data
2025-07-01 19:01:15,598 - INFO: Program started
2025-07-01 19:01:51,204 - INFO: IPO detail updated successfully for: COIN.JK
2025-07-01 19:01:52,005 - INFO: IPO detail updated successfully for: PMUI.JK
2025-07-01 19:01:52,841 - INFO: IPO detail updated successfully for: CDIA.JK
2025-07-01 19:01:53,679 - INFO: IPO detail updated successfully for: MERI.JK
2025-07-01 19:01:54,551 - INFO: IPO detail updated successfully for: CHEK.JK
2025-07-01 19:01:55,362 - INFO: IPO detail updated successfully for: BLOG.JK
2025-07-01 19:01:55,362 - INFO: Finish scrape 0 closed ipo data
2025-07-04 19:07:03,025 - INFO: Program started
2025-07-04 19:07:13,989 - INFO: IPO detail updated successfully for: ASPR.JK
2025-07-04 19:07:14,232 - INFO: IPO detail updated successfully for: PSAT.JK
2025-07-04 19:07:14,232 - INFO: Finish scrape 0 closed ipo data
2025-07-07 19:07:42,074 - INFO: Program started
2025-07-07 19:07:49,103 - INFO: Finish scrape 0 closed ipo data
2025-07-10 19:07:19,353 - INFO: Program started
2025-07-10 19:07:36,995 - INFO: Company profile updated successfully for: CDIA.JK
2025-07-10 19:07:37,767 - INFO: Company profile updated successfully for: COIN.JK
2025-07-10 19:07:38,608 - INFO: Company profile updated successfully for: PSAT.JK
2025-07-10 19:07:38,887 - INFO: Company profile updated successfully for: ASPR.JK
2025-07-10 19:07:38,887 - INFO: Finish scrape 4 closed ipo data
2025-07-13 19:01:50,260 - INFO: Program started
2025-07-13 19:02:15,588 - INFO: Company profile updated successfully for: CHEK.JK
2025-07-13 19:02:16,238 - INFO: Company profile updated successfully for: MERI.JK
2025-07-13 19:02:16,850 - INFO: Company profile updated successfully for: BLOG.JK
2025-07-13 19:02:17,087 - INFO: Company profile updated successfully for: PMUI.JK
2025-07-13 19:02:17,087 - INFO: Finish scrape 4 closed ipo data
2025-07-16 19:09:05,703 - INFO: Program started
2025-07-16 19:09:11,214 - INFO: Finish scrape 0 closed ipo data
2025-07-19 19:00:53,486 - INFO: Program started
2025-07-19 19:01:46,652 - INFO: Finish scrape 0 closed ipo data
2025-07-22 19:09:30,325 - INFO: Program started
2025-07-22 19:09:38,136 - INFO: Finish scrape 0 closed ipo data
2025-07-25 19:09:07,406 - INFO: Program started
2025-07-25 19:09:13,306 - INFO: Finish scrape 0 closed ipo data
2025-07-28 19:10:48,844 - INFO: Program started
2025-07-28 19:10:59,271 - INFO: Finish scrape 0 closed ipo data
2025-07-31 19:11:46,690 - INFO: Program started
2025-07-31 19:11:57,945 - INFO: Finish scrape 0 closed ipo data
2025-08-01 19:10:23,775 - INFO: Program started
2025-08-01 19:10:35,227 - INFO: Finish scrape 0 closed ipo data
2025-08-04 19:11:50,143 - INFO: Program started
2025-08-04 19:12:01,555 - INFO: Finish scrape 0 closed ipo data
2025-08-07 19:12:01,787 - INFO: Program started
2025-08-07 19:12:14,894 - INFO: Finish scrape 0 closed ipo data
2025-08-10 19:00:53,426 - INFO: Program started
2025-08-10 19:01:05,370 - INFO: Finish scrape 0 closed ipo data
2025-08-13 19:07:23,665 - INFO: Program started
2025-08-13 19:07:32,801 - INFO: Finish scrape 0 closed ipo data
2025-08-16 19:00:56,534 - INFO: Program started
2025-08-16 19:01:04,822 - INFO: Finish scrape 0 closed ipo data
2025-08-19 19:01:21,493 - INFO: Program started
2025-08-19 19:01:27,765 - INFO: Finish scrape 0 closed ipo data
2025-08-25 05:48:49,973 - INFO: Program started
2025-08-25 05:49:02,621 - INFO: Finish scrape 0 closed ipo data
2025-08-25 19:00:59,482 - INFO: Program started
2025-08-25 19:01:11,055 - INFO: Finish scrape 0 closed ipo data
2025-08-28 19:01:18,419 - INFO: Program started
2025-08-28 19:01:29,142 - INFO: Finish scrape 0 closed ipo data
2025-08-31 19:01:11,842 - INFO: Program started
2025-08-31 19:01:17,553 - INFO: Finish scrape 0 closed ipo data
2025-09-01 19:01:08,296 - INFO: Program started
2025-09-01 19:01:14,062 - INFO: Finish scrape 0 closed ipo data
2025-09-04 19:01:12,717 - INFO: Program started
2025-09-04 19:01:20,168 - INFO: Finish scrape 0 closed ipo data
2025-09-07 19:01:01,179 - INFO: Program started
2025-09-07 19:01:10,439 - INFO: Finish scrape 0 closed ipo data
2025-09-10 19:01:22,195 - INFO: Program started
2025-09-10 19:01:35,803 - INFO: Finish scrape 0 closed ipo data
2025-09-13 19:01:16,184 - INFO: Program started
2025-09-13 19:01:29,603 - INFO: Finish scrape 0 closed ipo data
2025-09-16 19:01:24,845 - INFO: Program started
2025-09-16 19:01:36,473 - INFO: Finish scrape 0 closed ipo data
2025-09-19 19:01:06,988 - INFO: Program started
2025-09-19 19:01:24,678 - INFO: IPO detail updated successfully for: EMAS.JK
2025-09-19 19:01:24,678 - INFO: Finish scrape 0 closed ipo data
2025-09-22 19:01:15,339 - INFO: Program started
2025-09-22 19:01:27,605 - INFO: Finish scrape 0 closed ipo data
2025-09-23 04:52:46,858 - INFO: Program started
2025-09-23 04:52:59,311 - INFO: Finish scrape 0 closed ipo data
2025-09-25 19:01:24,384 - INFO: Program started
2025-09-25 19:01:38,176 - INFO: Company profile updated successfully for: EMAS.JK
2025-09-25 19:01:38,176 - INFO: Finish scrape 1 closed ipo data
2025-09-28 19:01:12,692 - INFO: Program started
2025-09-28 19:01:18,394 - INFO: Finish scrape 0 closed ipo data
2025-10-01 19:01:18,758 - INFO: Program started
2025-10-01 19:01:28,767 - INFO: Finish scrape 0 closed ipo data
2025-10-04 19:00:57,950 - INFO: Program started
2025-10-04 19:01:05,124 - INFO: Finish scrape 0 closed ipo data
2025-10-07 19:01:14,434 - INFO: Program started
2025-10-07 19:01:20,374 - INFO: Finish scrape 0 closed ipo data
2025-10-10 19:01:12,730 - INFO: Program started
2025-10-10 19:01:21,065 - INFO: Finish scrape 0 closed ipo data
2025-10-13 19:01:03,411 - INFO: Program started
2025-10-13 19:01:09,497 - INFO: Finish scrape 0 closed ipo data
2025-10-16 19:01:12,141 - INFO: Program started
2025-10-16 19:01:19,435 - INFO: Finish scrape 0 closed ipo data
2025-10-19 19:01:18,814 - INFO: Program started
2025-10-19 19:01:24,149 - INFO: Finish scrape 0 closed ipo data
2025-10-22 19:01:06,777 - INFO: Program started
2025-10-22 19:01:11,587 - INFO: Finish scrape 0 closed ipo data
2025-10-25 19:01:08,891 - INFO: Program started
2025-10-25 19:01:19,875 - INFO: Finish scrape 0 closed ipo data
2025-10-28 19:01:17,971 - INFO: Program started
2025-10-28 19:01:24,153 - INFO: Finish scrape 0 closed ipo data
2025-10-31 19:01:14,917 - INFO: Program started
2025-10-31 19:01:23,558 - INFO: An exception when retrieve data: 'additional_info_url'
2025-10-31 19:01:23,558 - INFO: Finish scrape 0 closed ipo data
2025-11-01 19:01:00,006 - INFO: Program started
2025-11-01 19:01:06,927 - INFO: An exception when retrieve data: 'additional_info_url'
2025-11-01 19:01:06,927 - INFO: Finish scrape 0 closed ipo data
2025-11-04 19:01:17,747 - INFO: Program started
2025-11-04 19:01:28,105 - INFO: IPO detail updated successfully for: PJHB.JK
2025-11-04 19:01:28,105 - INFO: Finish scrape 0 closed ipo data
2025-11-07 19:01:30,542 - INFO: Program started
2025-11-07 19:01:38,280 - INFO: Company profile updated successfully for: PJHB.JK
2025-11-07 19:01:38,280 - INFO: Finish scrape 1 closed ipo data
2025-11-10 19:01:17,500 - INFO: Program started
2025-11-10 19:01:26,269 - INFO: Finish scrape 0 closed ipo data
2025-11-13 19:01:08,181 - INFO: Program started
2025-11-13 19:01:13,622 - INFO: Finish scrape 0 closed ipo data
2025-11-16 19:01:09,925 - INFO: Program started
2025-11-16 19:01:16,861 - INFO: Finish scrape 0 closed ipo data
2025-11-19 19:01:14,312 - INFO: Program started
2025-11-19 19:01:23,038 - INFO: Finish scrape 0 closed ipo data
2025-11-22 19:01:09,223 - INFO: Program started
2025-11-22 19:01:17,835 - INFO: Finish scrape 0 closed ipo data
